  Skipping vcpkg. (no packages)
  소스.cpp
C:\Users\jiho9\OneDrive\바탕 화면\study\Brick-Breaker\벽돌깨기\벽돌깨기\소스.cpp(163,12): warning C4244: '인수': 'time_t'에서 'unsigned int'(으)로 변환하면서 데이터가 손실될 수 있습니다.
C:\Users\jiho9\OneDrive\바탕 화면\study\Brick-Breaker\벽돌깨기\벽돌깨기\소스.cpp(172,29): warning C4244: '=': 'int'에서 'float'(으)로 변환하면서 데이터가 손실될 수 있습니다.
C:\Users\jiho9\OneDrive\바탕 화면\study\Brick-Breaker\벽돌깨기\벽돌깨기\소스.cpp(173,29): warning C4244: '=': 'int'에서 'float'(으)로 변환하면서 데이터가 손실될 수 있습니다.
C:\Users\jiho9\OneDrive\바탕 화면\study\Brick-Breaker\벽돌깨기\벽돌깨기\소스.cpp(184,74): warning C4244: '=': 'int'에서 'float'(으)로 변환하면서 데이터가 손실될 수 있습니다.
C:\Users\jiho9\OneDrive\바탕 화면\study\Brick-Breaker\벽돌깨기\벽돌깨기\소스.cpp(185,74): warning C4244: '=': 'int'에서 'float'(으)로 변환하면서 데이터가 손실될 수 있습니다.
C:\Users\jiho9\OneDrive\바탕 화면\study\Brick-Breaker\벽돌깨기\벽돌깨기\소스.cpp(187,82): warning C4244: '=': 'int'에서 'float'(으)로 변환하면서 데이터가 손실될 수 있습니다.
C:\Users\jiho9\OneDrive\바탕 화면\study\Brick-Breaker\벽돌깨기\벽돌깨기\소스.cpp(188,82): warning C4244: '=': 'int'에서 'float'(으)로 변환하면서 데이터가 손실될 수 있습니다.
C:\Users\jiho9\OneDrive\바탕 화면\study\Brick-Breaker\벽돌깨기\벽돌깨기\소스.cpp(209,12): warning C4244: '인수': 'time_t'에서 'unsigned int'(으)로 변환하면서 데이터가 손실될 수 있습니다.
C:\Users\jiho9\OneDrive\바탕 화면\study\Brick-Breaker\벽돌깨기\벽돌깨기\소스.cpp(212,40): warning C4244: '=': 'double'에서 'float'(으)로 변환하면서 데이터가 손실될 수 있습니다.
C:\Users\jiho9\OneDrive\바탕 화면\study\Brick-Breaker\벽돌깨기\벽돌깨기\소스.cpp(215,33): warning C4244: '=': 'double'에서 'float'(으)로 변환하면서 데이터가 손실될 수 있습니다.
C:\Users\jiho9\OneDrive\바탕 화면\study\Brick-Breaker\벽돌깨기\벽돌깨기\소스.cpp(219,19): warning C4305: '=': 'double'에서 'float'(으)로 잘립니다.
C:\Users\jiho9\OneDrive\바탕 화면\study\Brick-Breaker\벽돌깨기\벽돌깨기\소스.cpp(241,30): warning C4305: '=': 'double'에서 'float'(으)로 잘립니다.
C:\Users\jiho9\OneDrive\바탕 화면\study\Brick-Breaker\벽돌깨기\벽돌깨기\소스.cpp(253,27): warning C4305: '인수': 'double'에서 'GLfloat'(으)로 잘립니다.
C:\Users\jiho9\OneDrive\바탕 화면\study\Brick-Breaker\벽돌깨기\벽돌깨기\소스.cpp(256,25): warning C4305: '인수': 'double'에서 'GLfloat'(으)로 잘립니다.
C:\Users\jiho9\OneDrive\바탕 화면\study\Brick-Breaker\벽돌깨기\벽돌깨기\소스.cpp(259,25): warning C4305: '인수': 'double'에서 'GLfloat'(으)로 잘립니다.
C:\Users\jiho9\OneDrive\바탕 화면\study\Brick-Breaker\벽돌깨기\벽돌깨기\소스.cpp(266,27): warning C4305: '인수': 'double'에서 'GLfloat'(으)로 잘립니다.
C:\Users\jiho9\OneDrive\바탕 화면\study\Brick-Breaker\벽돌깨기\벽돌깨기\소스.cpp(269,27): warning C4305: '인수': 'double'에서 'GLfloat'(으)로 잘립니다.
C:\Users\jiho9\OneDrive\바탕 화면\study\Brick-Breaker\벽돌깨기\벽돌깨기\소스.cpp(278,80): warning C4244: '인수': 'float'에서 'GLint'(으)로 변환하면서 데이터가 손실될 수 있습니다.
C:\Users\jiho9\OneDrive\바탕 화면\study\Brick-Breaker\벽돌깨기\벽돌깨기\소스.cpp(278,46): warning C4244: '인수': 'float'에서 'GLint'(으)로 변환하면서 데이터가 손실될 수 있습니다.
C:\Users\jiho9\OneDrive\바탕 화면\study\Brick-Breaker\벽돌깨기\벽돌깨기\소스.cpp(312,26): warning C4305: '-=': 'double'에서 'float'(으)로 잘립니다.
C:\Users\jiho9\OneDrive\바탕 화면\study\Brick-Breaker\벽돌깨기\벽돌깨기\소스.cpp(314,25): warning C4305: '=': 'int'에서 'bool'(으)로 잘립니다.
C:\Users\jiho9\OneDrive\바탕 화면\study\Brick-Breaker\벽돌깨기\벽돌깨기\소스.cpp(320,34): warning C4244: '=': 'float'에서 'int'(으)로 변환하면서 데이터가 손실될 수 있습니다.
C:\Users\jiho9\OneDrive\바탕 화면\study\Brick-Breaker\벽돌깨기\벽돌깨기\소스.cpp(321,34): warning C4244: '=': 'float'에서 'int'(으)로 변환하면서 데이터가 손실될 수 있습니다.
C:\Users\jiho9\OneDrive\바탕 화면\study\Brick-Breaker\벽돌깨기\벽돌깨기\소스.cpp(333,13): warning C4244: 'return': 'double'에서 'float'(으)로 변환하면서 데이터가 손실될 수 있습니다.
C:\Users\jiho9\OneDrive\바탕 화면\study\Brick-Breaker\벽돌깨기\벽돌깨기\소스.cpp(543,50): warning C4244: '인수': 'float'에서 'GLint'(으)로 변환하면서 데이터가 손실될 수 있습니다.
C:\Users\jiho9\OneDrive\바탕 화면\study\Brick-Breaker\벽돌깨기\벽돌깨기\소스.cpp(543,30): warning C4244: '인수': 'float'에서 'GLint'(으)로 변환하면서 데이터가 손실될 수 있습니다.
C:\Users\jiho9\OneDrive\바탕 화면\study\Brick-Breaker\벽돌깨기\벽돌깨기\소스.cpp(621,52): warning C4244: '인수': 'float'에서 'GLint'(으)로 변환하면서 데이터가 손실될 수 있습니다.
C:\Users\jiho9\OneDrive\바탕 화면\study\Brick-Breaker\벽돌깨기\벽돌깨기\소스.cpp(621,31): warning C4244: '인수': 'float'에서 'GLint'(으)로 변환하면서 데이터가 손실될 수 있습니다.
C:\Users\jiho9\OneDrive\바탕 화면\study\Brick-Breaker\벽돌깨기\벽돌깨기\소스.cpp(651,60): warning C4244: '인수': 'float'에서 'GLint'(으)로 변환하면서 데이터가 손실될 수 있습니다.
C:\Users\jiho9\OneDrive\바탕 화면\study\Brick-Breaker\벽돌깨기\벽돌깨기\소스.cpp(651,35): warning C4244: '인수': 'float'에서 'GLint'(으)로 변환하면서 데이터가 손실될 수 있습니다.
C:\Users\jiho9\OneDrive\바탕 화면\study\Brick-Breaker\벽돌깨기\벽돌깨기\소스.cpp(659,68): warning C4244: '인수': 'float'에서 'GLint'(으)로 변환하면서 데이터가 손실될 수 있습니다.
C:\Users\jiho9\OneDrive\바탕 화면\study\Brick-Breaker\벽돌깨기\벽돌깨기\소스.cpp(659,39): warning C4244: '인수': 'float'에서 'GLint'(으)로 변환하면서 데이터가 손실될 수 있습니다.
C:\Users\jiho9\OneDrive\바탕 화면\study\Brick-Breaker\벽돌깨기\벽돌깨기\소스.cpp(746,27): warning C4305: '인수': 'double'에서 'GLfloat'(으)로 잘립니다.
C:\Users\jiho9\OneDrive\바탕 화면\study\Brick-Breaker\벽돌깨기\벽돌깨기\소스.cpp(749,27): warning C4305: '인수': 'double'에서 'GLfloat'(으)로 잘립니다.
C:\Users\jiho9\OneDrive\바탕 화면\study\Brick-Breaker\벽돌깨기\벽돌깨기\소스.cpp(752,27): warning C4305: '인수': 'double'에서 'GLfloat'(으)로 잘립니다.
C:\Users\jiho9\OneDrive\바탕 화면\study\Brick-Breaker\벽돌깨기\벽돌깨기\소스.cpp(755,27): warning C4305: '인수': 'double'에서 'GLfloat'(으)로 잘립니다.
C:\Users\jiho9\OneDrive\바탕 화면\study\Brick-Breaker\벽돌깨기\벽돌깨기\소스.cpp(839,22): warning C4305: '+=': 'double'에서 'float'(으)로 잘립니다.
C:\Users\jiho9\OneDrive\바탕 화면\study\Brick-Breaker\벽돌깨기\벽돌깨기\소스.cpp(840,22): warning C4305: '+=': 'double'에서 'float'(으)로 잘립니다.
C:\Users\jiho9\OneDrive\바탕 화면\study\Brick-Breaker\벽돌깨기\벽돌깨기\소스.cpp(843,22): warning C4305: '-=': 'double'에서 'float'(으)로 잘립니다.
C:\Users\jiho9\OneDrive\바탕 화면\study\Brick-Breaker\벽돌깨기\벽돌깨기\소스.cpp(844,22): warning C4305: '-=': 'double'에서 'float'(으)로 잘립니다.
C:\Users\jiho9\OneDrive\바탕 화면\study\Brick-Breaker\벽돌깨기\벽돌깨기\소스.cpp(849,22): warning C4305: '-=': 'double'에서 'float'(으)로 잘립니다.
C:\Users\jiho9\OneDrive\바탕 화면\study\Brick-Breaker\벽돌깨기\벽돌깨기\소스.cpp(850,22): warning C4305: '-=': 'double'에서 'float'(으)로 잘립니다.
C:\Users\jiho9\OneDrive\바탕 화면\study\Brick-Breaker\벽돌깨기\벽돌깨기\소스.cpp(853,22): warning C4305: '+=': 'double'에서 'float'(으)로 잘립니다.
C:\Users\jiho9\OneDrive\바탕 화면\study\Brick-Breaker\벽돌깨기\벽돌깨기\소스.cpp(854,22): warning C4305: '+=': 'double'에서 'float'(으)로 잘립니다.
C:\Users\jiho9\OneDrive\바탕 화면\study\Brick-Breaker\벽돌깨기\벽돌깨기\소스.cpp(901,34): warning C4326: 'main'의 반환 형식이 'int'이어야 하는데 'void'입니다.
  벽돌깨기.vcxproj -> C:\Users\jiho9\OneDrive\바탕 화면\study\Brick-Breaker\벽돌깨기\x64\Debug\벽돌깨기.exe
